This is pdfTeXk, Version 3.1415926-1.40.9 (Web2C 7.5.7) (format=latex 2008.12.20)  13 JAN 2009 23:28
entering extended mode
 %&-line parsing enabled.
**foiltex.ins
(./foiltex.ins
LaTeX2e <2005/12/01>
Babel <v3.8l> and hyphenation patterns for english, usenglishmax, dumylang, noh
yphenation, german-x-2008-06-18, ngerman-x-2008-06-18, ancientgreek, ibycus, ar
abic, basque, bulgarian, catalan, pinyin, coptic, croatian, czech, danish, dutc
h, esperanto, estonian, farsi, finnish, french, galician, german, ngerman, mono
greek, greek, hungarian, icelandic, indonesian, interlingua, irish, italian, la
tin, mongolian, mongolian2a, bokmal, nynorsk, polish, portuguese, romanian, rus
sian, sanskrit, serbian, slovak, slovenian, spanish, swedish, turkish, ukenglis
h, ukrainian, uppersorbian, welsh, loaded.
(/usr/local/texlive/2008/texmf-dist/tex/latex/base/docstrip.tex
\blockLevel=\count79
\emptyLines=\count80
\processedLines=\count81
\commentsRemoved=\count82
\commentsPassed=\count83
\codeLinesPassed=\count84
\TotalprocessedLines=\count85
\TotalcommentsRemoved=\count86
\TotalcommentsPassed=\count87
\TotalcodeLinesPassed=\count88
\NumberOfFiles=\count89
\inFile=\read1
\inputcheck=\read2
\off@0=\count90
\off@1=\count91
\off@2=\count92
\off@3=\count93
\off@4=\count94
\off@5=\count95
\off@6=\count96
\off@7=\count97
\off@8=\count98
\off@9=\count99
\off@10=\count100
\off@11=\count101
\off@12=\count102
\off@13=\count103
\off@14=\count104
\off@15=\count105
\@maxfiles=\count106
\@maxoutfiles=\count107

Utility: `docstrip' 2.5d <2005/07/29>
English documentation    <1999/03/31>

**********************************************************
* This program converts documented macro-files into fast *
* loadable files by stripping off (nearly) all comments! *
**********************************************************

********************************************************
* No Configuration file found, using default settings. *
********************************************************

(./foiltex.ins

Generating file(s) ./foils.cls 
\openout0 = `./foils.cls'.


Processing file foiltex.dtx (package) -> foils.cls
File foiltex.dtx ended by \endinput.
Lines  processed: 4248
Comments removed: 2529
Comments  passed: 23
Codelines passed: 1656


Generating file(s) ./foil17.clo 
\openout0 = `./foil17.clo'.


Processing file foiltex.dtx (17pt) -> foil17.clo
File foiltex.dtx ended by \endinput.
Lines  processed: 4248
Comments removed: 2529
Comments  passed: 23
Codelines passed: 1656


Generating file(s) ./foil20.clo 
\openout0 = `./foil20.clo'.


Processing file foiltex.dtx (20pt) -> foil20.clo
File foiltex.dtx ended by \endinput.
Lines  processed: 4248
Comments removed: 2529
Comments  passed: 23
Codelines passed: 1656


Generating file(s) ./foil25.clo 
\openout0 = `./foil25.clo'.


Processing file foiltex.dtx (25pt) -> foil25.clo
File foiltex.dtx ended by \endinput.
Lines  processed: 4248
Comments removed: 2529
Comments  passed: 23
Codelines passed: 1656


Generating file(s) ./foil30.clo 
\openout0 = `./foil30.clo'.


Processing file foiltex.dtx (30pt) -> foil30.clo
File foiltex.dtx ended by \endinput.
Lines  processed: 4248
Comments removed: 2529
Comments  passed: 23
Codelines passed: 1656


Generating file(s) ./foilshrt.clo 
\openout0 = `./foilshrt.clo'.


Processing file foiltex.dtx (short) -> foilshrt.clo
File foiltex.dtx ended by \endinput.
Lines  processed: 4248
Comments removed: 2529
Comments  passed: 23
Codelines passed: 1656


Generating file(s) ./foils.sty 
\openout0 = `./foils.sty'.


Processing file foiltex.dtx (oldstyle) -> foils.sty
File foiltex.dtx ended by \endinput.
Lines  processed: 4248
Comments removed: 2529
Comments  passed: 23
Codelines passed: 1656


Generating file(s) ./fltfonts.def 
\openout0 = `./fltfonts.def'.


Processing file foiltex.dtx (fonts) -> fltfonts.def
File foiltex.dtx ended by \endinput.
Lines  processed: 4248
Comments removed: 2529
Comments  passed: 23
Codelines passed: 1656


Generating file(s) ./sampfoil.tex 
\openout0 = `./sampfoil.tex'.


Processing file foiltex.dtx (sample) -> sampfoil.tex
File foiltex.dtx ended by \endinput.
Lines  processed: 4248
Comments removed: 2529
Comments  passed: 23
Codelines passed: 1656

**********************************************************************
*
* To finish the installation, do the following:
*
*  1) Copy or move the foils.cls, foil*.clo, fltfonts.def and
*     and foils.sty files to the some directory in your TEXINPUTS
*     LATEXINPUTS path. See your TeX systems documentation for
*     additional steps that may be required for your local environment.
*  2) Run LaTeX on the foiltex.dtx file to produce the documentation
*     in dvi format. Put the resulting foiltex.dvi file and the
*     foiltex.dtx somewhere in your documentation subdirectory.
*  3) Put the sample file (sampfoil.tex) in the examples directory.
*
**********************************************************************
)
Overall statistics:
Files  processed: 9
Lines  processed: 38232
Comments removed: 22761
Comments  passed: 207
Codelines passed: 14904
 ) ) 
Here is how much of TeX's memory you used:
 397 strings out of 493887
 4017 string characters out of 1151121
 54371 words of memory out of 3000000
 3752 multiletter control sequences out of 10000+50000
 3640 words of font info for 14 fonts, out of 3000000 for 5000
 714 hyphenation exceptions out of 8191
 18i,0n,18p,221b,145s stack positions out of 5000i,500n,10000p,200000b,50000s

No pages of output.
